<?xml version="1.0" encoding="UTF-8"?>
<!-- Generated by org.testng.reporters.JUnitReportReporter -->
<testsuite skipped="0" hostname="matos-home" name="TestRun" tests="1" failures="0" timestamp="2022-01-11T11:50:19 GFT" time="13.904" errors="0">
  <testcase name="runAllTests" time="13.904" classname="TestRun"/>
  <system-out/>
</testsuite> <!-- TestRun -->
