<?xml version="1.0" encoding="UTF-8"?>
<!-- Generated by org.testng.reporters.JUnitReportReporter -->
<testsuite skipped="0" hostname="matos-home" name="TestRun" tests="1" failures="0" timestamp="2022-01-12T11:53:30 GFT" time="17.422" errors="0">
  <testcase name="runAllTests" time="17.422" classname="TestRun"/>
  <system-out/>
</testsuite> <!-- TestRun -->
